0 info it worked if it ends with ok
1 verbose cli [ '/usr/bin/nodejs', '/usr/bin/npm', 'run', 'parse' ]
2 info using npm@3.5.2
3 info using node@v4.2.6
4 verbose run-script [ 'preparse', 'parse', 'postparse' ]
5 info lifecycle janus@1.0.0~preparse: janus@1.0.0
6 silly lifecycle janus@1.0.0~preparse: no script for preparse, continuing
7 info lifecycle janus@1.0.0~parse: janus@1.0.0
8 verbose lifecycle janus@1.0.0~parse: unsafe-perm in lifecycle true
9 verbose lifecycle janus@1.0.0~parse: PATH: /usr/share/npm/bin/node-gyp-bin:/home/dstankowicz/workspace/Janus/node_modules/.bin:/home/dstankowicz/bin:/home/dstankowicz/.local/bin:/usr/local/sbin:/usr/local/bin:/usr/sbin:/usr/bin:/sbin:/bin:/usr/games:/usr/local/games:/snap/bin
10 verbose lifecycle janus@1.0.0~parse: CWD: /home/dstankowicz/workspace/Janus
11 silly lifecycle janus@1.0.0~parse: Args: [ '-c',
11 silly lifecycle   'npx browserify ./website/js/main.js -o ./website/bundle.js' ]
12 verbose stack Error: write EPIPE
12 verbose stack     at Object.exports._errnoException (util.js:870:11)
12 verbose stack     at exports._exceptionWithHostPort (util.js:893:20)
12 verbose stack     at WriteWrap.afterWrite (net.js:763:14)
13 verbose cwd /home/dstankowicz/workspace/Janus
14 error Linux 4.4.0-116-generic
15 error argv "/usr/bin/nodejs" "/usr/bin/npm" "run" "parse"
16 error node v4.2.6
17 error npm  v3.5.2
18 error code EPIPE
19 error errno EPIPE
20 error syscall write
21 error write EPIPE
22 error If you need help, you may report this error at:
22 error     <https://github.com/npm/npm/issues>
23 verbose exit [ 1, true ]
